

Started GET "/assets/rails.png" for 127.0.0.1 at 2012-12-04 19:23:29 +0900
Connecting to database specified by database.yml
Served asset /rails.png - 304 Not Modified (23ms)


Started GET "/" for 127.0.0.1 at 2012-12-04 19:24:44 +0900
Processing by HomeController#index as HTML
  Rendered home/index.html.erb within layouts/application (2.7ms)
Compiled home.css  (12ms)  (pid 20084)
Compiled application.css  (21ms)  (pid 20084)
Compiled jquery.js  (2ms)  (pid 20084)
Compiled jquery_ujs.js  (0ms)  (pid 20084)
Compiled home.js  (275ms)  (pid 20084)
Compiled application.js  (345ms)  (pid 20084)
Completed 200 OK in 477ms (Views: 476.3ms | ActiveRecord: 0.0ms)


Started GET "/assets/application.css?body=1" for 127.0.0.1 at 2012-12-04 19:24:44 +0900
Served asset /application.css - 304 Not Modified (9ms)


Started GET "/assets/home.css?body=1" for 127.0.0.1 at 2012-12-04 19:24:44 +0900
Served asset /home.css - 304 Not Modified (1ms)


Started GET "/assets/home.js?body=1" for 127.0.0.1 at 2012-12-04 19:24:44 +0900
Served asset /home.js - 304 Not Modified (1ms)


Started GET "/assets/jquery_ujs.js?body=1" for 127.0.0.1 at 2012-12-04 19:24:44 +0900
Served asset /jquery_ujs.js - 304 Not Modified (3ms)


Started GET "/assets/jquery.js?body=1" for 127.0.0.1 at 2012-12-04 19:24:44 +0900
Served asset /jquery.js - 304 Not Modified (3ms)


Started GET "/assets/application.js?body=1" for 127.0.0.1 at 2012-12-04 19:24:44 +0900
Served asset /application.js - 304 Not Modified (8ms)


Started GET "/sessions/callback" for 127.0.0.1 at 2012-12-04 19:25:48 +0900

ActionController::RoutingError (No route matches [GET] "/sessions/callback"):
  actionpack (3.2.9) lib/action_dispatch/middleware/debug_exceptions.rb:21:in `call'
  actionpack (3.2.9) lib/action_dispatch/middleware/show_exceptions.rb:56:in `call'
  railties (3.2.9) lib/rails/rack/logger.rb:32:in `call_app'
  railties (3.2.9) lib/rails/rack/logger.rb:16:in `block in call'
  activesupport (3.2.9) lib/active_support/tagged_logging.rb:22:in `tagged'
  railties (3.2.9) lib/rails/rack/logger.rb:16:in `call'
  actionpack (3.2.9) lib/action_dispatch/middleware/request_id.rb:22:in `call'
  rack (1.4.1) lib/rack/methodoverride.rb:21:in `call'
  rack (1.4.1) lib/rack/runtime.rb:17:in `call'
  activesupport (3.2.9) lib/active_support/cache/strategy/local_cache.rb:72:in `call'
  rack (1.4.1) lib/rack/lock.rb:15:in `call'
  actionpack (3.2.9) lib/action_dispatch/middleware/static.rb:62:in `call'
  railties (3.2.9) lib/rails/engine.rb:479:in `call'
  railties (3.2.9) lib/rails/application.rb:223:in `call'
  rack (1.4.1) lib/rack/content_length.rb:14:in `call'
  railties (3.2.9) lib/rails/rack/log_tailer.rb:17:in `call'
  rack (1.4.1) lib/rack/handler/webrick.rb:59:in `service'
  /opt/local/lib/ruby1.9/1.9.1/webrick/httpserver.rb:138:in `service'
  /opt/local/lib/ruby1.9/1.9.1/webrick/httpserver.rb:94:in `run'
  /opt/local/lib/ruby1.9/1.9.1/webrick/server.rb:191:in `block in start_thread'


  Rendered /opt/local/lib/ruby1.9/gems/1.9.1/gems/actionpack-3.2.9/lib/action_dispatch/middleware/templates/rescues/routing_error.erb within rescues/layout (0.7ms)


Started GET "/sessions/get" for 127.0.0.1 at 2012-12-04 19:25:54 +0900

ActionController::RoutingError (No route matches [GET] "/sessions/get"):
  actionpack (3.2.9) lib/action_dispatch/middleware/debug_exceptions.rb:21:in `call'
  actionpack (3.2.9) lib/action_dispatch/middleware/show_exceptions.rb:56:in `call'
  railties (3.2.9) lib/rails/rack/logger.rb:32:in `call_app'
  railties (3.2.9) lib/rails/rack/logger.rb:16:in `block in call'
  activesupport (3.2.9) lib/active_support/tagged_logging.rb:22:in `tagged'
  railties (3.2.9) lib/rails/rack/logger.rb:16:in `call'
  actionpack (3.2.9) lib/action_dispatch/middleware/request_id.rb:22:in `call'
  rack (1.4.1) lib/rack/methodoverride.rb:21:in `call'
  rack (1.4.1) lib/rack/runtime.rb:17:in `call'
  activesupport (3.2.9) lib/active_support/cache/strategy/local_cache.rb:72:in `call'
  rack (1.4.1) lib/rack/lock.rb:15:in `call'
  actionpack (3.2.9) lib/action_dispatch/middleware/static.rb:62:in `call'
  railties (3.2.9) lib/rails/engine.rb:479:in `call'
  railties (3.2.9) lib/rails/application.rb:223:in `call'
  rack (1.4.1) lib/rack/content_length.rb:14:in `call'
  railties (3.2.9) lib/rails/rack/log_tailer.rb:17:in `call'
  rack (1.4.1) lib/rack/handler/webrick.rb:59:in `service'
  /opt/local/lib/ruby1.9/1.9.1/webrick/httpserver.rb:138:in `service'
  /opt/local/lib/ruby1.9/1.9.1/webrick/httpserver.rb:94:in `run'
  /opt/local/lib/ruby1.9/1.9.1/webrick/server.rb:191:in `block in start_thread'


  Rendered /opt/local/lib/ruby1.9/gems/1.9.1/gems/actionpack-3.2.9/lib/action_dispatch/middleware/templates/rescues/routing_error.erb within rescues/layout (0.6ms)
Connecting to database specified by database.yml
Connecting to database specified by database.yml
Connecting to database specified by database.yml
  [1m[36m (0.1ms)[0m  [1mselect sqlite_version(*)[0m
  [1m[35m (1.1ms)[0m  CREATE TABLE "schema_migrations" ("version" varchar(255) NOT NULL) 
  [1m[36m (1.0ms)[0m  [1mCREATE UNIQUE INDEX "unique_schema_migrations" ON "schema_migrations" ("version")[0m
  [1m[35m (1.7ms)[0m  SELECT "schema_migrations"."version" FROM "schema_migrations" 
Migrating to CreateUsers (20121204102639)
  [1m[36m (0.0ms)[0m  [1mbegin transaction[0m
  [1m[35m (0.5ms)[0m  CREATE TABLE "users" ("id" INTEGER PRIMARY KEY AUTOINCREMENT NOT NULL, "name" varchar(255), "uid" varchar(255), "provider" varchar(255), "created_at" datetime NOT NULL, "updated_at" datetime NOT NULL) 
  [1m[36m (0.1ms)[0m  [1mINSERT INTO "schema_migrations" ("version") VALUES ('20121204102639')[0m
  [1m[35m (0.9ms)[0m  commit transaction
  [1m[36m (0.1ms)[0m  [1mSELECT "schema_migrations"."version" FROM "schema_migrations" [0m


Started GET "/sessions/get" for 127.0.0.1 at 2012-12-04 19:27:11 +0900

ActionController::RoutingError (No route matches [GET] "/sessions/get"):
  actionpack (3.2.9) lib/action_dispatch/middleware/debug_exceptions.rb:21:in `call'
  actionpack (3.2.9) lib/action_dispatch/middleware/show_exceptions.rb:56:in `call'
  railties (3.2.9) lib/rails/rack/logger.rb:32:in `call_app'
  railties (3.2.9) lib/rails/rack/logger.rb:16:in `block in call'
  activesupport (3.2.9) lib/active_support/tagged_logging.rb:22:in `tagged'
  railties (3.2.9) lib/rails/rack/logger.rb:16:in `call'
  actionpack (3.2.9) lib/action_dispatch/middleware/request_id.rb:22:in `call'
  rack (1.4.1) lib/rack/methodoverride.rb:21:in `call'
  rack (1.4.1) lib/rack/runtime.rb:17:in `call'
  activesupport (3.2.9) lib/active_support/cache/strategy/local_cache.rb:72:in `call'
  rack (1.4.1) lib/rack/lock.rb:15:in `call'
  actionpack (3.2.9) lib/action_dispatch/middleware/static.rb:62:in `call'
  railties (3.2.9) lib/rails/engine.rb:479:in `call'
  railties (3.2.9) lib/rails/application.rb:223:in `call'
  rack (1.4.1) lib/rack/content_length.rb:14:in `call'
  railties (3.2.9) lib/rails/rack/log_tailer.rb:17:in `call'
  rack (1.4.1) lib/rack/handler/webrick.rb:59:in `service'
  /opt/local/lib/ruby1.9/1.9.1/webrick/httpserver.rb:138:in `service'
  /opt/local/lib/ruby1.9/1.9.1/webrick/httpserver.rb:94:in `run'
  /opt/local/lib/ruby1.9/1.9.1/webrick/server.rb:191:in `block in start_thread'


  Rendered /opt/local/lib/ruby1.9/gems/1.9.1/gems/actionpack-3.2.9/lib/action_dispatch/middleware/templates/rescues/routing_error.erb within rescues/layout (0.7ms)


Started GET "/home/index" for 127.0.0.1 at 2012-12-04 19:35:43 +0900
Processing by HomeController#index as HTML
  Rendered home/index.html.erb within layouts/application (0.3ms)
Compiled session.css  (1ms)  (pid 20084)
Compiled application.css  (9ms)  (pid 20084)
Compiled session.js  (163ms)  (pid 20084)
Compiled application.js  (178ms)  (pid 20084)
Completed 200 OK in 258ms (Views: 257.2ms | ActiveRecord: 0.0ms)


Started GET "/assets/application.css?body=1" for 127.0.0.1 at 2012-12-04 19:35:43 +0900
Served asset /application.css - 304 Not Modified (4ms)


Started GET "/assets/session.css?body=1" for 127.0.0.1 at 2012-12-04 19:35:43 +0900
Served asset /session.css - 304 Not Modified (1ms)


Started GET "/assets/jquery.js?body=1" for 127.0.0.1 at 2012-12-04 19:35:43 +0900
Served asset /jquery.js - 304 Not Modified (0ms)


Started GET "/assets/home.css?body=1" for 127.0.0.1 at 2012-12-04 19:35:43 +0900
Served asset /home.css - 304 Not Modified (0ms)


Started GET "/assets/jquery_ujs.js?body=1" for 127.0.0.1 at 2012-12-04 19:35:43 +0900
Served asset /jquery_ujs.js - 304 Not Modified (0ms)


Started GET "/assets/home.js?body=1" for 127.0.0.1 at 2012-12-04 19:35:43 +0900
Served asset /home.js - 304 Not Modified (0ms)


Started GET "/assets/session.js?body=1" for 127.0.0.1 at 2012-12-04 19:35:43 +0900
Served asset /session.js - 304 Not Modified (3ms)


Started GET "/assets/application.js?body=1" for 127.0.0.1 at 2012-12-04 19:35:43 +0900
Served asset /application.js - 304 Not Modified (39ms)


Started GET "/" for 127.0.0.1 at 2012-12-04 19:35:47 +0900
Processing by HomeController#index as HTML
  Rendered home/index.html.erb within layouts/application (0.0ms)
Completed 200 OK in 6ms (Views: 5.3ms | ActiveRecord: 0.0ms)


Started GET "/assets/application.css?body=1" for 127.0.0.1 at 2012-12-04 19:35:47 +0900
Served asset /application.css - 304 Not Modified (0ms)


Started GET "/assets/home.css?body=1" for 127.0.0.1 at 2012-12-04 19:35:47 +0900
Served asset /home.css - 304 Not Modified (0ms)


Started GET "/assets/jquery_ujs.js?body=1" for 127.0.0.1 at 2012-12-04 19:35:47 +0900
Served asset /jquery_ujs.js - 304 Not Modified (0ms)


Started GET "/assets/home.js?body=1" for 127.0.0.1 at 2012-12-04 19:35:47 +0900
Served asset /home.js - 304 Not Modified (0ms)


Started GET "/assets/jquery.js?body=1" for 127.0.0.1 at 2012-12-04 19:35:47 +0900
Served asset /jquery.js - 304 Not Modified (0ms)


Started GET "/assets/session.css?body=1" for 127.0.0.1 at 2012-12-04 19:35:47 +0900
Served asset /session.css - 304 Not Modified (0ms)


Started GET "/assets/session.js?body=1" for 127.0.0.1 at 2012-12-04 19:35:47 +0900
Served asset /session.js - 304 Not Modified (0ms)


Started GET "/assets/application.js?body=1" for 127.0.0.1 at 2012-12-04 19:35:47 +0900
Served asset /application.js - 304 Not Modified (0ms)


Started GET "/" for 127.0.0.1 at 2012-12-04 19:39:28 +0900
Processing by HomeController#index as HTML
  Rendered home/index.html.erb within layouts/application (0.5ms)
Completed 200 OK in 6ms (Views: 5.3ms | ActiveRecord: 0.0ms)


Started GET "/assets/application.css?body=1" for 127.0.0.1 at 2012-12-04 19:39:28 +0900
Served asset /application.css - 304 Not Modified (0ms)


Started GET "/assets/home.css?body=1" for 127.0.0.1 at 2012-12-04 19:39:28 +0900
Served asset /home.css - 304 Not Modified (0ms)


Started GET "/assets/session.css?body=1" for 127.0.0.1 at 2012-12-04 19:39:28 +0900
Served asset /session.css - 304 Not Modified (0ms)


Started GET "/assets/jquery.js?body=1" for 127.0.0.1 at 2012-12-04 19:39:28 +0900
Served asset /jquery.js - 304 Not Modified (0ms)


Started GET "/assets/jquery_ujs.js?body=1" for 127.0.0.1 at 2012-12-04 19:39:28 +0900
Served asset /jquery_ujs.js - 304 Not Modified (0ms)


Started GET "/assets/home.js?body=1" for 127.0.0.1 at 2012-12-04 19:39:28 +0900
Served asset /home.js - 304 Not Modified (0ms)


Started GET "/assets/session.js?body=1" for 127.0.0.1 at 2012-12-04 19:39:28 +0900
Served asset /session.js - 304 Not Modified (0ms)


Started GET "/assets/application.js?body=1" for 127.0.0.1 at 2012-12-04 19:39:28 +0900
Served asset /application.js - 304 Not Modified (0ms)


Started GET "/auth/facebook" for 127.0.0.1 at 2012-12-04 19:39:29 +0900

ActionController::RoutingError (No route matches [GET] "/auth/facebook"):
  actionpack (3.2.9) lib/action_dispatch/middleware/debug_exceptions.rb:21:in `call'
  actionpack (3.2.9) lib/action_dispatch/middleware/show_exceptions.rb:56:in `call'
  railties (3.2.9) lib/rails/rack/logger.rb:32:in `call_app'
  railties (3.2.9) lib/rails/rack/logger.rb:16:in `block in call'
  activesupport (3.2.9) lib/active_support/tagged_logging.rb:22:in `tagged'
  railties (3.2.9) lib/rails/rack/logger.rb:16:in `call'
  actionpack (3.2.9) lib/action_dispatch/middleware/request_id.rb:22:in `call'
  rack (1.4.1) lib/rack/methodoverride.rb:21:in `call'
  rack (1.4.1) lib/rack/runtime.rb:17:in `call'
  activesupport (3.2.9) lib/active_support/cache/strategy/local_cache.rb:72:in `call'
  rack (1.4.1) lib/rack/lock.rb:15:in `call'
  actionpack (3.2.9) lib/action_dispatch/middleware/static.rb:62:in `call'
  railties (3.2.9) lib/rails/engine.rb:479:in `call'
  railties (3.2.9) lib/rails/application.rb:223:in `call'
  rack (1.4.1) lib/rack/content_length.rb:14:in `call'
  railties (3.2.9) lib/rails/rack/log_tailer.rb:17:in `call'
  rack (1.4.1) lib/rack/handler/webrick.rb:59:in `service'
  /opt/local/lib/ruby1.9/1.9.1/webrick/httpserver.rb:138:in `service'
  /opt/local/lib/ruby1.9/1.9.1/webrick/httpserver.rb:94:in `run'
  /opt/local/lib/ruby1.9/1.9.1/webrick/server.rb:191:in `block in start_thread'


  Rendered /opt/local/lib/ruby1.9/gems/1.9.1/gems/actionpack-3.2.9/lib/action_dispatch/middleware/templates/rescues/routing_error.erb within rescues/layout (0.6ms)


Started GET "/" for 127.0.0.1 at 2012-12-04 19:39:35 +0900
Processing by HomeController#index as HTML
  Rendered home/index.html.erb within layouts/application (0.1ms)
Completed 200 OK in 6ms (Views: 5.5ms | ActiveRecord: 0.0ms)


Started GET "/assets/home.css?body=1" for 127.0.0.1 at 2012-12-04 19:39:35 +0900
Served asset /home.css - 304 Not Modified (0ms)


Started GET "/assets/session.css?body=1" for 127.0.0.1 at 2012-12-04 19:39:35 +0900
Served asset /session.css - 304 Not Modified (0ms)


Started GET "/assets/jquery.js?body=1" for 127.0.0.1 at 2012-12-04 19:39:35 +0900
Served asset /jquery.js - 304 Not Modified (0ms)


Started GET "/assets/jquery_ujs.js?body=1" for 127.0.0.1 at 2012-12-04 19:39:35 +0900
Served asset /jquery_ujs.js - 304 Not Modified (0ms)


Started GET "/assets/application.css?body=1" for 127.0.0.1 at 2012-12-04 19:39:35 +0900
Served asset /application.css - 304 Not Modified (0ms)


Started GET "/assets/home.js?body=1" for 127.0.0.1 at 2012-12-04 19:39:35 +0900
Served asset /home.js - 304 Not Modified (0ms)


Started GET "/assets/session.js?body=1" for 127.0.0.1 at 2012-12-04 19:39:35 +0900
Served asset /session.js - 304 Not Modified (0ms)


Started GET "/assets/application.js?body=1" for 127.0.0.1 at 2012-12-04 19:39:35 +0900
Served asset /application.js - 304 Not Modified (0ms)


Started GET "/auth/facebook" for 127.0.0.1 at 2012-12-04 19:39:36 +0900

ActionController::RoutingError (No route matches [GET] "/auth/facebook"):
  actionpack (3.2.9) lib/action_dispatch/middleware/debug_exceptions.rb:21:in `call'
  actionpack (3.2.9) lib/action_dispatch/middleware/show_exceptions.rb:56:in `call'
  railties (3.2.9) lib/rails/rack/logger.rb:32:in `call_app'
  railties (3.2.9) lib/rails/rack/logger.rb:16:in `block in call'
  activesupport (3.2.9) lib/active_support/tagged_logging.rb:22:in `tagged'
  railties (3.2.9) lib/rails/rack/logger.rb:16:in `call'
  actionpack (3.2.9) lib/action_dispatch/middleware/request_id.rb:22:in `call'
  rack (1.4.1) lib/rack/methodoverride.rb:21:in `call'
  rack (1.4.1) lib/rack/runtime.rb:17:in `call'
  activesupport (3.2.9) lib/active_support/cache/strategy/local_cache.rb:72:in `call'
  rack (1.4.1) lib/rack/lock.rb:15:in `call'
  actionpack (3.2.9) lib/action_dispatch/middleware/static.rb:62:in `call'
  railties (3.2.9) lib/rails/engine.rb:479:in `call'
  railties (3.2.9) lib/rails/application.rb:223:in `call'
  rack (1.4.1) lib/rack/content_length.rb:14:in `call'
  railties (3.2.9) lib/rails/rack/log_tailer.rb:17:in `call'
  rack (1.4.1) lib/rack/handler/webrick.rb:59:in `service'
  /opt/local/lib/ruby1.9/1.9.1/webrick/httpserver.rb:138:in `service'
  /opt/local/lib/ruby1.9/1.9.1/webrick/httpserver.rb:94:in `run'
  /opt/local/lib/ruby1.9/1.9.1/webrick/server.rb:191:in `block in start_thread'


  Rendered /opt/local/lib/ruby1.9/gems/1.9.1/gems/actionpack-3.2.9/lib/action_dispatch/middleware/templates/rescues/routing_error.erb within rescues/layout (0.6ms)


Started GET "/" for 127.0.0.1 at 2012-12-04 19:40:13 +0900
Connecting to database specified by database.yml
Processing by HomeController#index as HTML
  Rendered home/index.html.erb within layouts/application (3.8ms)
Completed 200 OK in 67ms (Views: 66.9ms | ActiveRecord: 0.0ms)


Started GET "/auth/facebook" for 127.0.0.1 at 2012-12-04 19:40:13 +0900


Started GET "/" for 127.0.0.1 at 2012-12-04 19:40:20 +0900
Processing by HomeController#index as HTML
  Rendered home/index.html.erb within layouts/application (0.1ms)
Completed 200 OK in 5ms (Views: 4.9ms | ActiveRecord: 0.0ms)
